<?xml version="1.0" encoding="UTF-8"?>
<!-- Generated by org.testng.reporters.JUnitXMLReporter -->
<testsuite hostname="DESKTOP-295MOJQ" ignored="0" name="Test" tests="5" failures="0" timestamp="02 Nov 2020 12:04:02 GMT" time="36.371" errors="0">
  <testcase name="methodOneA" time="9.402" classname="packOne.ClassOne"/>
  <testcase name="methodTwoA" time="7.675" classname="packOne.ClassTwo"/>
  <testcase name="methodTwoB" time="0.002" classname="packOne.ClassTwo"/>
  <testcase name="methodThreeA" time="10.552" classname="packOne.ClassThree"/>
  <testcase name="methodFourA" time="8.647" classname="packOne.ClassFour"/>
</testsuite> <!-- Test -->
