<?xml version="1.0" encoding="UTF-8"?>
<testng-results skipped="0" failed="0" ignored="0" total="5" passed="5">
  <reporter-output>
  </reporter-output>
  <suite name="Suite" duration-ms="36371" started-at="2020-11-02T12:03:25Z" finished-at="2020-11-02T12:04:02Z">
    <groups>
    </groups>
    <test name="Test" duration-ms="36371" started-at="2020-11-02T12:03:25Z" finished-at="2020-11-02T12:04:02Z">
      <class name="packOne.ClassFour">
        <test-method status="PASS" signature="methodFourA()[pri:0, instance:packOne.ClassFour@1560810]" name="methodFourA" duration-ms="8647" started-at="2020-11-02T12:03:53Z" finished-at="2020-11-02T12:04:02Z">
          <reporter-output>
          </reporter-output>
        </test-method> <!-- methodFourA -->
      </class> <!-- packOne.ClassFour -->
      <class name="packOne.ClassOne">
        <test-method status="PASS" signature="methodOneA()[pri:0, instance:packOne.ClassOne@17e1986]" name="methodOneA" duration-ms="9402" started-at="2020-11-02T12:03:25Z" finished-at="2020-11-02T12:03:35Z">
          <reporter-output>
          </reporter-output>
        </test-method> <!-- methodOneA -->
      </class> <!-- packOne.ClassOne -->
      <class name="packOne.ClassThree">
        <test-method status="PASS" signature="methodThreeA()[pri:0, instance:packOne.ClassThree@13f5a29]" name="methodThreeA" duration-ms="10552" started-at="2020-11-02T12:03:42Z" finished-at="2020-11-02T12:03:53Z">
          <reporter-output>
          </reporter-output>
        </test-method> <!-- methodThreeA -->
      </class> <!-- packOne.ClassThree -->
      <class name="packOne.ClassTwo">
        <test-method status="PASS" signature="methodTwoA()[pri:0, instance:packOne.ClassTwo@f67b76]" name="methodTwoA" duration-ms="7675" started-at="2020-11-02T12:03:35Z" finished-at="2020-11-02T12:03:42Z">
          <reporter-output>
          </reporter-output>
        </test-method> <!-- methodTwoA -->
        <test-method status="PASS" signature="methodTwoB()[pri:0, instance:packOne.ClassTwo@f67b76]" name="methodTwoB" duration-ms="2" started-at="2020-11-02T12:03:42Z" finished-at="2020-11-02T12:03:42Z">
          <reporter-output>
          </reporter-output>
        </test-method> <!-- methodTwoB -->
      </class> <!-- packOne.ClassTwo -->
    </test> <!-- Test -->
  </suite> <!-- Suite -->
</testng-results>
